7.125968928096260147e-02
6.114338851275230580e-02
5.243453894673563709e-02
4.477141405890927572e-02
3.818594798271440771e-02
3.191016153791037535e-02
2.633572749517337774e-02
1.956377047525270640e-02
1.372649750883572772e-02
6.994756256243850334e-03
4.239125091012874158e-05
-7.619282881295735832e-03
-1.551680655064086034e-02
-2.204870208008444243e-02
-2.878051517134491699e-02
-3.539349690484791533e-02
-4.186522163388987916e-02
-4.808197564040281313e-02
-5.361167865882385253e-02
-5.971601014065169855e-02
-6.479006671193578148e-02
-7.072499639423721063e-02
-7.624488444458668579e-02
-8.183121350262242966e-02
-8.756337450598444816e-02
-9.339089067371569852e-02
-9.942237770642425865e-02
-1.056574709614218621e-01
-1.121482117671157575e-01
-1.197258357598806611e-01
-1.274090680532433684e-01
-1.352782989028233351e-01
-1.454533787305249404e-01
-1.545252564321868693e-01
-1.624584186329835755e-01
-1.691763422081608015e-01
-1.773247470275734483e-01
-1.873733754959761577e-01
-1.958369517698458906e-01
-2.031694664426709207e-01
-2.108651158024689443e-01
-2.182359817707953675e-01
-2.270527430346900855e-01
-2.358541500411053538e-01
-2.453738821563654637e-01
-2.528379953451487805e-01
-2.610682257597040090e-01
-2.670786043388832520e-01
-2.771942695759180286e-01
-2.860109492375680906e-01
-2.953667865960634131e-01
-3.029224002973728291e-01
-3.112702593198104495e-01
-3.179458995219582862e-01
-3.254664117142328505e-01
-3.344244582923304732e-01
-3.428027430199449554e-01
-3.524913366053360475e-01
-3.603732232335201124e-01
-3.668739999711698729e-01
-3.740702517188091991e-01
-3.843253936622592626e-01
-3.927302160665987474e-01
-4.004102063552318347e-01
